<?xml version="1.0" encoding="UTF-8"?>
<!-- Generated by org.testng.reporters.JUnitXMLReporter -->
<testsuite hostname="DESKTOP-D9JPPSF" name="Khan academy" tests="7" failures="0" timestamp="10 Sep 2020 05:16:07 GMT" time="130.812" errors="0">
  <testcase name="verifyMessage" time="13.918" classname="Practice.Appium_Framework.TC01"/>
  <testcase name="signUpwithGoogle" time="20.795" classname="Practice.Appium_Framework.TC02_Signup"/>
  <testcase name="verifyLogin" time="10.464" classname="Practice.Appium_Framework.TC02_Signup"/>
  <testcase name="addBookmarkTest" time="19.907" classname="Practice.Appium_Framework.TC04_VerifyBookmark"/>
  <testcase name="verifyBookmarkTest" time="5.394" classname="Practice.Appium_Framework.TC04_VerifyBookmark"/>
  <testcase name="addCourseTest" time="25.22" classname="Practice.Appium_Framework.TC05_VerifyAddCourse"/>
  <testcase name="verifyCourseTest" time="0.405" classname="Practice.Appium_Framework.TC05_VerifyAddCourse"/>
</testsuite> <!-- Khan academy -->
