<?xml version="1.0" encoding="UTF-8"?>
<testng-results skipped="0" failed="0" total="7" passed="7">
  <reporter-output>
  </reporter-output>
  <suite name="Khan Academy" duration-ms="130812" started-at="2020-09-10T05:13:56Z" finished-at="2020-09-10T05:16:07Z">
    <groups>
    </groups>
    <test name="Khan academy" duration-ms="130812" started-at="2020-09-10T05:13:56Z" finished-at="2020-09-10T05:16:07Z">
      <class name="Practice.Appium_Framework.TC02_Signup">
        <test-method status="PASS" signature="signUpwithGoogle()[pri:1, instance:Practice.Appium_Framework.TC02_Signup@20398b7c]" name="signUpwithGoogle" duration-ms="20795" started-at="2020-09-10T10:44:44Z" finished-at="2020-09-10T10:45:05Z">
          <reporter-output>
          </reporter-output>
        </test-method> <!-- signUpwithGoogle -->
        <test-method status="PASS" signature="verifyLogin()[pri:1, instance:Practice.Appium_Framework.TC02_Signup@20398b7c]" name="verifyLogin" duration-ms="10464" started-at="2020-09-10T10:45:05Z" depends-on-methods="Practice.Appium_Framework.TC02_Signup.signUpwithGoogle" finished-at="2020-09-10T10:45:16Z">
          <reporter-output>
          </reporter-output>
        </test-method> <!-- verifyLogin -->
      </class> <!-- Practice.Appium_Framework.TC02_Signup -->
      <class name="Practice.Appium_Framework.TC05_VerifyAddCourse">
        <test-method status="PASS" signature="addCourseTest()[pri:1, instance:Practice.Appium_Framework.TC05_VerifyAddCourse@5abca1e0]" name="addCourseTest" duration-ms="25220" started-at="2020-09-10T10:45:41Z" finished-at="2020-09-10T10:46:06Z">
          <reporter-output>
          </reporter-output>
        </test-method> <!-- addCourseTest -->
        <test-method status="PASS" signature="verifyCourseTest()[pri:1, instance:Practice.Appium_Framework.TC05_VerifyAddCourse@5abca1e0]" name="verifyCourseTest" duration-ms="405" started-at="2020-09-10T10:46:06Z" finished-at="2020-09-10T10:46:07Z">
          <reporter-output>
          </reporter-output>
        </test-method> <!-- verifyCourseTest -->
      </class> <!-- Practice.Appium_Framework.TC05_VerifyAddCourse -->
      <class name="Practice.Appium_Framework.TC04_VerifyBookmark">
        <test-method status="PASS" signature="addBookmarkTest()[pri:1, instance:Practice.Appium_Framework.TC04_VerifyBookmark@56235b8e]" name="addBookmarkTest" duration-ms="19907" started-at="2020-09-10T10:45:16Z" finished-at="2020-09-10T10:45:36Z">
          <reporter-output>
          </reporter-output>
        </test-method> <!-- addBookmarkTest -->
        <test-method status="PASS" signature="verifyBookmarkTest()[pri:2, instance:Practice.Appium_Framework.TC04_VerifyBookmark@56235b8e]" name="verifyBookmarkTest" duration-ms="5394" started-at="2020-09-10T10:45:36Z" depends-on-methods="Practice.Appium_Framework.TC04_VerifyBookmark.addBookmarkTest" finished-at="2020-09-10T10:45:41Z">
          <reporter-output>
          </reporter-output>
        </test-method> <!-- verifyBookmarkTest -->
      </class> <!-- Practice.Appium_Framework.TC04_VerifyBookmark -->
      <class name="Practice.Appium_Framework.OpenApp">
        <test-method status="PASS" signature="openAPP()[pri:0, instance:Practice.Appium_Framework.OpenApp@4fe3c938]" name="openAPP" is-config="true" duration-ms="34613" started-at="2020-09-10T10:43:56Z" finished-at="2020-09-10T10:44:31Z">
          <reporter-output>
          </reporter-output>
        </test-method> <!-- openAPP -->
      </class> <!-- Practice.Appium_Framework.OpenApp -->
      <class name="Practice.Appium_Framework.TC01">
        <test-method status="PASS" signature="verifyMessage()[pri:1, instance:Practice.Appium_Framework.TC01@71423665]" name="verifyMessage" duration-ms="13918" started-at="2020-09-10T10:44:31Z" finished-at="2020-09-10T10:44:44Z">
          <reporter-output>
          </reporter-output>
        </test-method> <!-- verifyMessage -->
      </class> <!-- Practice.Appium_Framework.TC01 -->
    </test> <!-- Khan academy -->
  </suite> <!-- Khan Academy -->
</testng-results>
